id: 1
n_coord: 1
Truck_weight: 500
Execution time(seconds): 1.4598
Peak memory usage(MB): 0.0402

id: 2
n_coord: 2
Truck_weight: 500
Execution time(seconds): 1.9574
Peak memory usage(MB): 0.0211

id: 3
n_coord: 3
Truck_weight: 500
Execution time(seconds): 2.0838
Peak memory usage(MB): 0.0221

id: 4
n_coord: 5
Truck_weight: 900
Execution time(seconds): 2.5362
Peak memory usage(MB): 0.0202

id: 5
n_coord: 3
Truck_weight: 900
Execution time(seconds): 2.6477
Peak memory usage(MB): 0.0197

id: 6
n_coord: 4
Truck_weight: 900
Execution time(seconds): 2.5241
Peak memory usage(MB): 0.0198

id: 7
n_coord: 7
Truck_weight: 2600
Execution time(seconds): 7.7587
Peak memory usage(MB): 0.0274

id: 8
n_coord: 8
Truck_weight: 3050
Execution time(seconds): 8.8469
Peak memory usage(MB): 0.0289

id: 9
n_coord: 9
Truck_weight: 3200
Execution time(seconds): 10.1352
Peak memory usage(MB): 0.0303

id: 10
n_coord: 10
Truck_weight: 3750
Execution time(seconds): 10.8985
Peak memory usage(MB): 0.0317

id: 11
n_coord: 1
Truck_weight: 500
Execution time(seconds): 1.4663
Peak memory usage(MB): 0.0184

id: 12
n_coord: 2
Truck_weight: 800
Execution time(seconds): 2.5835
Peak memory usage(MB): 0.0197

id: 13
n_coord: 3
Truck_weight: 1200
Execution time(seconds): 3.5628
Peak memory usage(MB): 0.0210

id: 14
n_coord: 4
Truck_weight: 1450
Execution time(seconds): 4.6288
Peak memory usage(MB): 0.0222

id: 15
n_coord: 5
Truck_weight: 2050
Execution time(seconds): 5.6844
Peak memory usage(MB): 0.0244

id: 16
n_coord: 6
Truck_weight: 2250
Execution time(seconds): 6.7969
Peak memory usage(MB): 0.0260

id: 17
n_coord: 7
Truck_weight: 2600
Execution time(seconds): 7.7467
Peak memory usage(MB): 0.0274

id: 18
n_coord: 8
Truck_weight: 3050
Execution time(seconds): 8.7122
Peak memory usage(MB): 0.0288

id: 19
n_coord: 9
Truck_weight: 3200
Execution time(seconds): 9.7339
Peak memory usage(MB): 0.0303

id: 20
n_coord: 10
Truck_weight: 3750
Execution time(seconds): 10.6838
Peak memory usage(MB): 0.0317

id: 21
n_coord: 1
Truck_weight: 500
Execution time(seconds): 1.4375
Peak memory usage(MB): 0.0184

id: 22
n_coord: 2
Truck_weight: 800
Execution time(seconds): 2.4798
Peak memory usage(MB): 0.0197

id: 23
n_coord: 3
Truck_weight: 1200
Execution time(seconds): 3.4754
Peak memory usage(MB): 0.0210

id: 24
n_coord: 4
Truck_weight: 1450
Execution time(seconds): 4.4917
Peak memory usage(MB): 0.0222

id: 25
n_coord: 5
Truck_weight: 2050
Execution time(seconds): 5.5012
Peak memory usage(MB): 0.0244

id: 26
n_coord: 6
Truck_weight: 2250
Execution time(seconds): 6.5985
Peak memory usage(MB): 0.0260

id: 27
n_coord: 7
Truck_weight: 2600
Execution time(seconds): 7.7287
Peak memory usage(MB): 0.0274

id: 28
n_coord: 8
Truck_weight: 3050
Execution time(seconds): 8.7224
Peak memory usage(MB): 0.0289

id: 29
n_coord: 9
Truck_weight: 2800
Execution time(seconds): 6.6496
Peak memory usage(MB): 0.0279

id: 30
n_coord: 10
Truck_weight: 3000
Execution time(seconds): 7.6726
Peak memory usage(MB): 0.0276

id: 31
n_coord: 4
Truck_weight: 3000
Execution time(seconds): 4.5629
Peak memory usage(MB): 0.0222

id: 32
n_coord: 4
Truck_weight: 3500
Execution time(seconds): 4.5500
Peak memory usage(MB): 0.0222

id: 33
n_coord: 6
Truck_weight: 900
Execution time(seconds): 2.5126
Peak memory usage(MB): 0.0208

id: 34
n_coord: 6
Truck_weight: 1500
Execution time(seconds): 3.7396
Peak memory usage(MB): 0.0217

id: 35
n_coord: 6
Truck_weight: 2000
Execution time(seconds): 4.8684
Peak memory usage(MB): 0.0270

id: 36
n_coord: 6
Truck_weight: 4500
Execution time(seconds): 7.5720
Peak memory usage(MB): 0.0261

id: 37
n_coord: 6
Truck_weight: 2250
Execution time(seconds): 7.8281
Peak memory usage(MB): 0.0260

